init: required argument missing.
init: required argument missing.
[2026-07-23 13:41:03.779] unable to open "/tmp/config.json".
[2026-07-23 13:41:03.780] unable to open "/root/.xmrig.json".
[2026-07-23 13:41:03.780] unable to open "/root/.config/xmrig.json".
[2026-07-23 13:41:03.780] no valid configuration found, try https://xmrig.com/wizard
[2026-07-23 13:41:04.823] unable to open "/tmp/config.json".
[2026-07-23 13:41:04.823] unable to open "/root/.xmrig.json".
[2026-07-23 13:41:04.823] unable to open "/root/.config/xmrig.json".
[2026-07-23 13:41:04.823] no valid configuration found, try https://xmrig.com/wizard
[2026-07-23 13:41:05.850] unable to open "/tmp/config.json".
[2026-07-23 13:41:05.850] unable to open "/root/.xmrig.json".
[2026-07-23 13:41:05.850] unable to open "/root/.config/xmrig.json".
[2026-07-23 13:41:05.850] no valid configuration found, try https://xmrig.com/wizard
[2026-07-23 13:41:06.889] unable to open "/tmp/config.json".
[2026-07-23 13:41:06.890] unable to open "/root/.xmrig.json".
[2026-07-23 13:41:06.890] unable to open "/root/.config/xmrig.json".
[2026-07-23 13:41:06.890] no valid configuration found, try https://xmrig.com/wizard
[2026-07-23 13:41:07.934] unable to open "/tmp/config.json".
[2026-07-23 13:41:07.934] unable to open "/root/.xmrig.json".
[2026-07-23 13:41:07.934] unable to open "/root/.config/xmrig.json".
[2026-07-23 13:41:07.934] no valid configuration found, try https://xmrig.com/wizard
[2026-07-23 13:41:08.976] unable to open "/tmp/config.json".
[2026-07-23 13:41:08.976] unable to open "/root/.xmrig.json".
[2026-07-23 13:41:08.976] unable to open "/root/.config/xmrig.json".
[2026-07-23 13:41:08.976] no valid configuration found, try https://xmrig.com/wizard
[2026-07-23 13:41:10.019] unable to open "/tmp/config.json".
[2026-07-23 13:41:10.019] unable to open "/root/.xmrig.json".
[2026-07-23 13:41:10.019] unable to open "/root/.config/xmrig.json".
[2026-07-23 13:41:10.019] no valid configuration found, try https://xmrig.com/wizard
[2026-07-23 13:41:11.050] unable to open "/tmp/config.json".
[2026-07-23 13:41:11.050] unable to open "/root/.xmrig.json".
[2026-07-23 13:41:11.050] unable to open "/root/.config/xmrig.json".
[2026-07-23 13:41:11.050] no valid configuration found, try https://xmrig.com/wizard
[2026-07-23 13:41:12.094] unable to open "/tmp/config.json".
[2026-07-23 13:41:12.094] unable to open "/root/.xmrig.json".
[2026-07-23 13:41:12.095] unable to open "/root/.config/xmrig.json".
[2026-07-23 13:41:12.095] no valid configuration found, try https://xmrig.com/wizard
[2026-07-23 13:41:13.143] unable to open "/tmp/config.json".
[2026-07-23 13:41:13.143] unable to open "/root/.xmrig.json".
[2026-07-23 13:41:13.143] unable to open "/root/.config/xmrig.json".
[2026-07-23 13:41:13.143] no valid configuration found, try https://xmrig.com/wizard
[2026-07-23 13:41:14.187] unable to open "/tmp/config.json".
[2026-07-23 13:41:14.187] unable to open "/root/.xmrig.json".
[2026-07-23 13:41:14.187] unable to open "/root/.config/xmrig.json".
[2026-07-23 13:41:14.187] no valid configuration found, try https://xmrig.com/wizard
[2026-07-23 13:41:15.224] unable to open "/tmp/config.json".
[2026-07-23 13:41:15.225] unable to open "/root/.xmrig.json".
[2026-07-23 13:41:15.225] unable to open "/root/.config/xmrig.json".
[2026-07-23 13:41:15.225] no valid configuration found, try https://xmrig.com/wizard
